The system is: Linux - 4.15.0-43-generic - x86_64
Compiling the C compiler identification source file "CMakeCCompilerId.c" succeeded.
Compiler: /usr/bin/cc 
Build flags: 
Id flags: 

The output was:
0


Compilation of the C compiler identification source "CMakeCCompilerId.c" produced "a.out"

The C compiler identification is GNU, found in "/home/antworks/Downloads/Windows/ZLIB/CMakeFiles/3.5.1/CompilerIdC/a.out"

Determining if the C compiler works passed with the following output:
Change Dir: /home/antworks/Downloads/Windows/ZLIB/CMakeFiles/CMakeTmp

Run Build Command:"/usr/bin/make" "cmTC_97ada/fast"
/usr/bin/make -f CMakeFiles/cmTC_97ada.dir/build.make CMakeFiles/cmTC_97ada.dir/build
make[1]: Entering directory '/home/antworks/Downloads/Windows/ZLIB/CMakeFiles/CMakeTmp'
Building C object CMakeFiles/cmTC_97ada.dir/testCCompiler.c.o
/usr/bin/cc     -o CMakeFiles/cmTC_97ada.dir/testCCompiler.c.o   -c /home/antworks/Downloads/Windows/ZLIB/CMakeFiles/CMakeTmp/testCCompiler.c
Linking C executable cmTC_97ada
/usr/bin/cmake -E cmake_link_script CMakeFiles/cmTC_97ada.dir/link.txt --verbose=1
/usr/bin/cc       CMakeFiles/cmTC_97ada.dir/testCCompiler.c.o  -o cmTC_97ada -rdynamic 
make[1]: Leaving directory '/home/antworks/Downloads/Windows/ZLIB/CMakeFiles/CMakeTmp'


Detecting C compiler ABI info compiled with the following output:
Change Dir: /home/antworks/Downloads/Windows/ZLIB/CMakeFiles/CMakeTmp

Run Build Command:"/usr/bin/make" "cmTC_0ed21/fast"
/usr/bin/make -f CMakeFiles/cmTC_0ed21.dir/build.make CMakeFiles/cmTC_0ed21.dir/build
make[1]: Entering directory '/home/antworks/Downloads/Windows/ZLIB/CMakeFiles/CMakeTmp'
Building C object CMakeFiles/cmTC_0ed21.dir/CMakeCCompilerABI.c.o
/usr/bin/cc     -o CMakeFiles/cmTC_0ed21.dir/CMakeCCompilerABI.c.o   -c /usr/share/cmake-3.5/Modules/CMakeCCompilerABI.c
Linking C executable cmTC_0ed21
/usr/bin/cmake -E cmake_link_script CMakeFiles/cmTC_0ed21.dir/link.txt --verbose=1
/usr/bin/cc      -v CMakeFiles/cmTC_0ed21.dir/CMakeCCompilerABI.c.o  -o cmTC_0ed21 -rdynamic  
Using built-in specs.
COLLECT_GCC=/usr/bin/cc
COLLECT_LTO_WRAPPER=/usr/lib/gcc/x86_64-linux-gnu/5/lto-wrapper
Target: x86_64-linux-gnu
Configured with: ../src/configure -v --with-pkgversion='Ubuntu 5.4.0-6ubuntu1~16.04.10' --with-bugurl=file:///usr/share/doc/gcc-5/README.Bugs --enable-languages=c,ada,c++,java,go,d,fortran,objc,obj-c++ --prefix=/usr --program-suffix=-5 --enable-shared --enable-linker-build-id --libexecdir=/usr/lib --without-included-gettext --enable-threads=posix --libdir=/usr/lib --enable-nls --with-sysroot=/ --enable-clocale=gnu --enable-libstdcxx-debug --enable-libstdcxx-time=yes --with-default-libstdcxx-abi=new --enable-gnu-unique-object --disable-vtable-verify --enable-libmpx --enable-plugin --with-system-zlib --disable-browser-plugin --enable-java-awt=gtk --enable-gtk-cairo --with-java-home=/usr/lib/jvm/java-1.5.0-gcj-5-amd64/jre --enable-java-home --with-jvm-root-dir=/usr/lib/jvm/java-1.5.0-gcj-5-amd64 --with-jvm-jar-dir=/usr/lib/jvm-exports/java-1.5.0-gcj-5-amd64 --with-arch-directory=amd64 --with-ecj-jar=/usr/share/java/eclipse-ecj.jar --enable-objc-gc --enable-multiarch --disable-werror --with-arch-32=i686 --with-abi=m64 --with-multilib-list=m32,m64,mx32 --enable-multilib --with-tune=generic --enable-checking=release --build=x86_64-linux-gnu --host=x86_64-linux-gnu --target=x86_64-linux-gnu
Thread model: posix
gcc version 5.4.0 20160609 (Ubuntu 5.4.0-6ubuntu1~16.04.10) 
COMPILER_PATH=/usr/lib/gcc/x86_64-linux-gnu/5/:/usr/lib/gcc/x86_64-linux-gnu/5/:/usr/lib/gcc/x86_64-linux-gnu/:/usr/lib/gcc/x86_64-linux-gnu/5/:/usr/lib/gcc/x86_64-linux-gnu/
LIBRARY_PATH=/usr/lib/gcc/x86_64-linux-gnu/5/:/usr/lib/gcc/x86_64-linux-gnu/5/../../../x86_64-linux-gnu/:/usr/lib/gcc/x86_64-linux-gnu/5/../../../../lib/:/lib/x86_64-linux-gnu/:/lib/../lib/:/usr/lib/x86_64-linux-gnu/:/usr/lib/../lib/:/usr/lib/gcc/x86_64-linux-gnu/5/../../../:/lib/:/usr/lib/
COLLECT_GCC_OPTIONS='-v' '-o' 'cmTC_0ed21' '-rdynamic' '-mtune=generic' '-march=x86-64'
 /usr/lib/gcc/x86_64-linux-gnu/5/collect2 -plugin /usr/lib/gcc/x86_64-linux-gnu/5/liblto_plugin.so -plugin-opt=/usr/lib/gcc/x86_64-linux-gnu/5/lto-wrapper -plugin-opt=-fresolution=/tmp/ccm0MRyt.res -plugin-opt=-pass-through=-lgcc -plugin-opt=-pass-through=-lgcc_s -plugin-opt=-pass-through=-lc -plugin-opt=-pass-through=-lgcc -plugin-opt=-pass-through=-lgcc_s --sysroot=/ --build-id --eh-frame-hdr -m elf_x86_64 --hash-style=gnu --as-needed -export-dynamic -dynamic-linker /lib64/ld-linux-x86-64.so.2 -z relro -o cmTC_0ed21 /usr/lib/gcc/x86_64-linux-gnu/5/../../../x86_64-linux-gnu/crt1.o /usr/lib/gcc/x86_64-linux-gnu/5/../../../x86_64-linux-gnu/crti.o /usr/lib/gcc/x86_64-linux-gnu/5/crtbegin.o -L/usr/lib/gcc/x86_64-linux-gnu/5 -L/usr/lib/gcc/x86_64-linux-gnu/5/../../../x86_64-linux-gnu -L/usr/lib/gcc/x86_64-linux-gnu/5/../../../../lib -L/lib/x86_64-linux-gnu -L/lib/../lib -L/usr/lib/x86_64-linux-gnu -L/usr/lib/../lib -L/usr/lib/gcc/x86_64-linux-gnu/5/../../.. CMakeFiles/cmTC_0ed21.dir/CMakeCCompilerABI.c.o -lgcc --as-needed -lgcc_s --no-as-needed -lc -lgcc --as-needed -lgcc_s --no-as-needed /usr/lib/gcc/x86_64-linux-gnu/5/crtend.o /usr/lib/gcc/x86_64-linux-gnu/5/../../../x86_64-linux-gnu/crtn.o
make[1]: Leaving directory '/home/antworks/Downloads/Windows/ZLIB/CMakeFiles/CMakeTmp'


Parsed C implicit link information from above output:
  link line regex: [^( *|.*[/\])(ld|([^/\]+-)?ld|collect2)[^/\]*( |$)]
  ignore line: [Change Dir: /home/antworks/Downloads/Windows/ZLIB/CMakeFiles/CMakeTmp]
  ignore line: []
  ignore line: [Run Build Command:"/usr/bin/make" "cmTC_0ed21/fast"]
  ignore line: [/usr/bin/make -f CMakeFiles/cmTC_0ed21.dir/build.make CMakeFiles/cmTC_0ed21.dir/build]
  ignore line: [make[1]: Entering directory '/home/antworks/Downloads/Windows/ZLIB/CMakeFiles/CMakeTmp']
  ignore line: [Building C object CMakeFiles/cmTC_0ed21.dir/CMakeCCompilerABI.c.o]
  ignore line: [/usr/bin/cc     -o CMakeFiles/cmTC_0ed21.dir/CMakeCCompilerABI.c.o   -c /usr/share/cmake-3.5/Modules/CMakeCCompilerABI.c]
  ignore line: [Linking C executable cmTC_0ed21]
  ignore line: [/usr/bin/cmake -E cmake_link_script CMakeFiles/cmTC_0ed21.dir/link.txt --verbose=1]
  ignore line: [/usr/bin/cc      -v CMakeFiles/cmTC_0ed21.dir/CMakeCCompilerABI.c.o  -o cmTC_0ed21 -rdynamic  ]
  ignore line: [Using built-in specs.]
  ignore line: [COLLECT_GCC=/usr/bin/cc]
  ignore line: [COLLECT_LTO_WRAPPER=/usr/lib/gcc/x86_64-linux-gnu/5/lto-wrapper]
  ignore line: [Target: x86_64-linux-gnu]
  ignore line: [Configured with: ../src/configure -v --with-pkgversion='Ubuntu 5.4.0-6ubuntu1~16.04.10' --with-bugurl=file:///usr/share/doc/gcc-5/README.Bugs --enable-languages=c,ada,c++,java,go,d,fortran,objc,obj-c++ --prefix=/usr --program-suffix=-5 --enable-shared --enable-linker-build-id --libexecdir=/usr/lib --without-included-gettext --enable-threads=posix --libdir=/usr/lib --enable-nls --with-sysroot=/ --enable-clocale=gnu --enable-libstdcxx-debug --enable-libstdcxx-time=yes --with-default-libstdcxx-abi=new --enable-gnu-unique-object --disable-vtable-verify --enable-libmpx --enable-plugin --with-system-zlib --disable-browser-plugin --enable-java-awt=gtk --enable-gtk-cairo --with-java-home=/usr/lib/jvm/java-1.5.0-gcj-5-amd64/jre --enable-java-home --with-jvm-root-dir=/usr/lib/jvm/java-1.5.0-gcj-5-amd64 --with-jvm-jar-dir=/usr/lib/jvm-exports/java-1.5.0-gcj-5-amd64 --with-arch-directory=amd64 --with-ecj-jar=/usr/share/java/eclipse-ecj.jar --enable-objc-gc --enable-multiarch --disable-werror --with-arch-32=i686 --with-abi=m64 --with-multilib-list=m32,m64,mx32 --enable-multilib --with-tune=generic --enable-checking=release --build=x86_64-linux-gnu --host=x86_64-linux-gnu --target=x86_64-linux-gnu]
  ignore line: [Thread model: posix]
  ignore line: [gcc version 5.4.0 20160609 (Ubuntu 5.4.0-6ubuntu1~16.04.10) ]
  ignore line: [COMPILER_PATH=/usr/lib/gcc/x86_64-linux-gnu/5/:/usr/lib/gcc/x86_64-linux-gnu/5/:/usr/lib/gcc/x86_64-linux-gnu/:/usr/lib/gcc/x86_64-linux-gnu/5/:/usr/lib/gcc/x86_64-linux-gnu/]
  ignore line: [LIBRARY_PATH=/usr/lib/gcc/x86_64-linux-gnu/5/:/usr/lib/gcc/x86_64-linux-gnu/5/../../../x86_64-linux-gnu/:/usr/lib/gcc/x86_64-linux-gnu/5/../../../../lib/:/lib/x86_64-linux-gnu/:/lib/../lib/:/usr/lib/x86_64-linux-gnu/:/usr/lib/../lib/:/usr/lib/gcc/x86_64-linux-gnu/5/../../../:/lib/:/usr/lib/]
  ignore line: [COLLECT_GCC_OPTIONS='-v' '-o' 'cmTC_0ed21' '-rdynamic' '-mtune=generic' '-march=x86-64']
  link line: [ /usr/lib/gcc/x86_64-linux-gnu/5/collect2 -plugin /usr/lib/gcc/x86_64-linux-gnu/5/liblto_plugin.so -plugin-opt=/usr/lib/gcc/x86_64-linux-gnu/5/lto-wrapper -plugin-opt=-fresolution=/tmp/ccm0MRyt.res -plugin-opt=-pass-through=-lgcc -plugin-opt=-pass-through=-lgcc_s -plugin-opt=-pass-through=-lc -plugin-opt=-pass-through=-lgcc -plugin-opt=-pass-through=-lgcc_s --sysroot=/ --build-id --eh-frame-hdr -m elf_x86_64 --hash-style=gnu --as-needed -export-dynamic -dynamic-linker /lib64/ld-linux-x86-64.so.2 -z relro -o cmTC_0ed21 /usr/lib/gcc/x86_64-linux-gnu/5/../../../x86_64-linux-gnu/crt1.o /usr/lib/gcc/x86_64-linux-gnu/5/../../../x86_64-linux-gnu/crti.o /usr/lib/gcc/x86_64-linux-gnu/5/crtbegin.o -L/usr/lib/gcc/x86_64-linux-gnu/5 -L/usr/lib/gcc/x86_64-linux-gnu/5/../../../x86_64-linux-gnu -L/usr/lib/gcc/x86_64-linux-gnu/5/../../../../lib -L/lib/x86_64-linux-gnu -L/lib/../lib -L/usr/lib/x86_64-linux-gnu -L/usr/lib/../lib -L/usr/lib/gcc/x86_64-linux-gnu/5/../../.. CMakeFiles/cmTC_0ed21.dir/CMakeCCompilerABI.c.o -lgcc --as-needed -lgcc_s --no-as-needed -lc -lgcc --as-needed -lgcc_s --no-as-needed /usr/lib/gcc/x86_64-linux-gnu/5/crtend.o /usr/lib/gcc/x86_64-linux-gnu/5/../../../x86_64-linux-gnu/crtn.o]
    arg [/usr/lib/gcc/x86_64-linux-gnu/5/collect2] ==> ignore
    arg [-plugin] ==> ignore
    arg [/usr/lib/gcc/x86_64-linux-gnu/5/liblto_plugin.so] ==> ignore
    arg [-plugin-opt=/usr/lib/gcc/x86_64-linux-gnu/5/lto-wrapper] ==> ignore
    arg [-plugin-opt=-fresolution=/tmp/ccm0MRyt.res] ==> ignore
    arg [-plugin-opt=-pass-through=-lgcc] ==> ignore
    arg [-plugin-opt=-pass-through=-lgcc_s] ==> ignore
    arg [-plugin-opt=-pass-through=-lc] ==> ignore
    arg [-plugin-opt=-pass-through=-lgcc] ==> ignore
    arg [-plugin-opt=-pass-through=-lgcc_s] ==> ignore
    arg [--sysroot=/] ==> ignore
    arg [--build-id] ==> ignore
    arg [--eh-frame-hdr] ==> ignore
    arg [-m] ==> ignore
    arg [elf_x86_64] ==> ignore
    arg [--hash-style=gnu] ==> ignore
    arg [--as-needed] ==> ignore
    arg [-export-dynamic] ==> ignore
    arg [-dynamic-linker] ==> ignore
    arg [/lib64/ld-linux-x86-64.so.2] ==> ignore
    arg [-zrelro] ==> ignore
    arg [-o] ==> ignore
    arg [cmTC_0ed21] ==> ignore
    arg [/usr/lib/gcc/x86_64-linux-gnu/5/../../../x86_64-linux-gnu/crt1.o] ==> ignore
    arg [/usr/lib/gcc/x86_64-linux-gnu/5/../../../x86_64-linux-gnu/crti.o] ==> ignore
    arg [/usr/lib/gcc/x86_64-linux-gnu/5/crtbegin.o] ==> ignore
    arg [-L/usr/lib/gcc/x86_64-linux-gnu/5] ==> dir [/usr/lib/gcc/x86_64-linux-gnu/5]
    arg [-L/usr/lib/gcc/x86_64-linux-gnu/5/../../../x86_64-linux-gnu] ==> dir [/usr/lib/gcc/x86_64-linux-gnu/5/../../../x86_64-linux-gnu]
    arg [-L/usr/lib/gcc/x86_64-linux-gnu/5/../../../../lib] ==> dir [/usr/lib/gcc/x86_64-linux-gnu/5/../../../../lib]
    arg [-L/lib/x86_64-linux-gnu] ==> dir [/lib/x86_64-linux-gnu]
    arg [-L/lib/../lib] ==> dir [/lib/../lib]
    arg [-L/usr/lib/x86_64-linux-gnu] ==> dir [/usr/lib/x86_64-linux-gnu]
    arg [-L/usr/lib/../lib] ==> dir [/usr/lib/../lib]
    arg [-L/usr/lib/gcc/x86_64-linux-gnu/5/../../..] ==> dir [/usr/lib/gcc/x86_64-linux-gnu/5/../../..]
    arg [CMakeFiles/cmTC_0ed21.dir/CMakeCCompilerABI.c.o] ==> ignore
    arg [-lgcc] ==> lib [gcc]
    arg [--as-needed] ==> ignore
    arg [-lgcc_s] ==> lib [gcc_s]
    arg [--no-as-needed] ==> ignore
    arg [-lc] ==> lib [c]
    arg [-lgcc] ==> lib [gcc]
    arg [--as-needed] ==> ignore
    arg [-lgcc_s] ==> lib [gcc_s]
    arg [--no-as-needed] ==> ignore
    arg [/usr/lib/gcc/x86_64-linux-gnu/5/crtend.o] ==> ignore
    arg [/usr/lib/gcc/x86_64-linux-gnu/5/../../../x86_64-linux-gnu/crtn.o] ==> ignore
  remove lib [gcc]
  remove lib [gcc_s]
  remove lib [gcc]
  remove lib [gcc_s]
  collapse library dir [/usr/lib/gcc/x86_64-linux-gnu/5] ==> [/usr/lib/gcc/x86_64-linux-gnu/5]
  collapse library dir [/usr/lib/gcc/x86_64-linux-gnu/5/../../../x86_64-linux-gnu] ==> [/usr/lib/x86_64-linux-gnu]
  collapse library dir [/usr/lib/gcc/x86_64-linux-gnu/5/../../../../lib] ==> [/usr/lib]
  collapse library dir [/lib/x86_64-linux-gnu] ==> [/lib/x86_64-linux-gnu]
  collapse library dir [/lib/../lib] ==> [/lib]
  collapse library dir [/usr/lib/x86_64-linux-gnu] ==> [/usr/lib/x86_64-linux-gnu]
  collapse library dir [/usr/lib/../lib] ==> [/usr/lib]
  collapse library dir [/usr/lib/gcc/x86_64-linux-gnu/5/../../..] ==> [/usr/lib]
  implicit libs: [c]
  implicit dirs: [/usr/lib/gcc/x86_64-linux-gnu/5;/usr/lib/x86_64-linux-gnu;/usr/lib;/lib/x86_64-linux-gnu;/lib]
  implicit fwks: []




Detecting C [-std=c11] compiler features compiled with the following output:
Change Dir: /home/antworks/Downloads/Windows/ZLIB/CMakeFiles/CMakeTmp

Run Build Command:"/usr/bin/make" "cmTC_10b90/fast"
/usr/bin/make -f CMakeFiles/cmTC_10b90.dir/build.make CMakeFiles/cmTC_10b90.dir/build
make[1]: Entering directory '/home/antworks/Downloads/Windows/ZLIB/CMakeFiles/CMakeTmp'
Building C object CMakeFiles/cmTC_10b90.dir/feature_tests.c.o
/usr/bin/cc    -std=c11 -o CMakeFiles/cmTC_10b90.dir/feature_tests.c.o   -c /home/antworks/Downloads/Windows/ZLIB/CMakeFiles/feature_tests.c
Linking C executable cmTC_10b90
/usr/bin/cmake -E cmake_link_script CMakeFiles/cmTC_10b90.dir/link.txt --verbose=1
/usr/bin/cc       CMakeFiles/cmTC_10b90.dir/feature_tests.c.o  -o cmTC_10b90 -rdynamic 
make[1]: Leaving directory '/home/antworks/Downloads/Windows/ZLIB/CMakeFiles/CMakeTmp'


    Feature record: C_FEATURE:1c_function_prototypes
    Feature record: C_FEATURE:1c_restrict
    Feature record: C_FEATURE:1c_static_assert
    Feature record: C_FEATURE:1c_variadic_macros


Detecting C [-std=c99] compiler features compiled with the following output:
Change Dir: /home/antworks/Downloads/Windows/ZLIB/CMakeFiles/CMakeTmp

Run Build Command:"/usr/bin/make" "cmTC_c60b7/fast"
/usr/bin/make -f CMakeFiles/cmTC_c60b7.dir/build.make CMakeFiles/cmTC_c60b7.dir/build
make[1]: Entering directory '/home/antworks/Downloads/Windows/ZLIB/CMakeFiles/CMakeTmp'
Building C object CMakeFiles/cmTC_c60b7.dir/feature_tests.c.o
/usr/bin/cc    -std=c99 -o CMakeFiles/cmTC_c60b7.dir/feature_tests.c.o   -c /home/antworks/Downloads/Windows/ZLIB/CMakeFiles/feature_tests.c
Linking C executable cmTC_c60b7
/usr/bin/cmake -E cmake_link_script CMakeFiles/cmTC_c60b7.dir/link.txt --verbose=1
/usr/bin/cc       CMakeFiles/cmTC_c60b7.dir/feature_tests.c.o  -o cmTC_c60b7 -rdynamic 
make[1]: Leaving directory '/home/antworks/Downloads/Windows/ZLIB/CMakeFiles/CMakeTmp'


    Feature record: C_FEATURE:1c_function_prototypes
    Feature record: C_FEATURE:1c_restrict
    Feature record: C_FEATURE:0c_static_assert
    Feature record: C_FEATURE:1c_variadic_macros


Detecting C [-std=c90] compiler features compiled with the following output:
Change Dir: /home/antworks/Downloads/Windows/ZLIB/CMakeFiles/CMakeTmp

Run Build Command:"/usr/bin/make" "cmTC_30bec/fast"
/usr/bin/make -f CMakeFiles/cmTC_30bec.dir/build.make CMakeFiles/cmTC_30bec.dir/build
make[1]: Entering directory '/home/antworks/Downloads/Windows/ZLIB/CMakeFiles/CMakeTmp'
Building C object CMakeFiles/cmTC_30bec.dir/feature_tests.c.o
/usr/bin/cc    -std=c90 -o CMakeFiles/cmTC_30bec.dir/feature_tests.c.o   -c /home/antworks/Downloads/Windows/ZLIB/CMakeFiles/feature_tests.c
Linking C executable cmTC_30bec
/usr/bin/cmake -E cmake_link_script CMakeFiles/cmTC_30bec.dir/link.txt --verbose=1
/usr/bin/cc       CMakeFiles/cmTC_30bec.dir/feature_tests.c.o  -o cmTC_30bec -rdynamic 
make[1]: Leaving directory '/home/antworks/Downloads/Windows/ZLIB/CMakeFiles/CMakeTmp'


    Feature record: C_FEATURE:1c_function_prototypes
    Feature record: C_FEATURE:0c_restrict
    Feature record: C_FEATURE:0c_static_assert
    Feature record: C_FEATURE:0c_variadic_macros
Determining if the include file sys/types.h exists passed with the following output:
Change Dir: /home/antworks/Downloads/Windows/ZLIB/CMakeFiles/CMakeTmp

Run Build Command:"/usr/bin/make" "cmTC_326a7/fast"
/usr/bin/make -f CMakeFiles/cmTC_326a7.dir/build.make CMakeFiles/cmTC_326a7.dir/build
make[1]: Entering directory '/home/antworks/Downloads/Windows/ZLIB/CMakeFiles/CMakeTmp'
Building C object CMakeFiles/cmTC_326a7.dir/CheckIncludeFile.c.o
/usr/bin/cc     -o CMakeFiles/cmTC_326a7.dir/CheckIncludeFile.c.o   -c /home/antworks/Downloads/Windows/ZLIB/CMakeFiles/CMakeTmp/CheckIncludeFile.c
Linking C executable cmTC_326a7
/usr/bin/cmake -E cmake_link_script CMakeFiles/cmTC_326a7.dir/link.txt --verbose=1
/usr/bin/cc       CMakeFiles/cmTC_326a7.dir/CheckIncludeFile.c.o  -o cmTC_326a7 -rdynamic 
make[1]: Leaving directory '/home/antworks/Downloads/Windows/ZLIB/CMakeFiles/CMakeTmp'


Determining if the include file stdint.h exists passed with the following output:
Change Dir: /home/antworks/Downloads/Windows/ZLIB/CMakeFiles/CMakeTmp

Run Build Command:"/usr/bin/make" "cmTC_1708d/fast"
/usr/bin/make -f CMakeFiles/cmTC_1708d.dir/build.make CMakeFiles/cmTC_1708d.dir/build
make[1]: Entering directory '/home/antworks/Downloads/Windows/ZLIB/CMakeFiles/CMakeTmp'
Building C object CMakeFiles/cmTC_1708d.dir/CheckIncludeFile.c.o
/usr/bin/cc     -o CMakeFiles/cmTC_1708d.dir/CheckIncludeFile.c.o   -c /home/antworks/Downloads/Windows/ZLIB/CMakeFiles/CMakeTmp/CheckIncludeFile.c
Linking C executable cmTC_1708d
/usr/bin/cmake -E cmake_link_script CMakeFiles/cmTC_1708d.dir/link.txt --verbose=1
/usr/bin/cc       CMakeFiles/cmTC_1708d.dir/CheckIncludeFile.c.o  -o cmTC_1708d -rdynamic 
make[1]: Leaving directory '/home/antworks/Downloads/Windows/ZLIB/CMakeFiles/CMakeTmp'


Determining if the include file stddef.h exists passed with the following output:
Change Dir: /home/antworks/Downloads/Windows/ZLIB/CMakeFiles/CMakeTmp

Run Build Command:"/usr/bin/make" "cmTC_ce6ee/fast"
/usr/bin/make -f CMakeFiles/cmTC_ce6ee.dir/build.make CMakeFiles/cmTC_ce6ee.dir/build
make[1]: Entering directory '/home/antworks/Downloads/Windows/ZLIB/CMakeFiles/CMakeTmp'
Building C object CMakeFiles/cmTC_ce6ee.dir/CheckIncludeFile.c.o
/usr/bin/cc     -o CMakeFiles/cmTC_ce6ee.dir/CheckIncludeFile.c.o   -c /home/antworks/Downloads/Windows/ZLIB/CMakeFiles/CMakeTmp/CheckIncludeFile.c
Linking C executable cmTC_ce6ee
/usr/bin/cmake -E cmake_link_script CMakeFiles/cmTC_ce6ee.dir/link.txt --verbose=1
/usr/bin/cc       CMakeFiles/cmTC_ce6ee.dir/CheckIncludeFile.c.o  -o cmTC_ce6ee -rdynamic 
make[1]: Leaving directory '/home/antworks/Downloads/Windows/ZLIB/CMakeFiles/CMakeTmp'


Determining size of off64_t passed with the following output:
Change Dir: /home/antworks/Downloads/Windows/ZLIB/CMakeFiles/CMakeTmp

Run Build Command:"/usr/bin/make" "cmTC_e223f/fast"
/usr/bin/make -f CMakeFiles/cmTC_e223f.dir/build.make CMakeFiles/cmTC_e223f.dir/build
make[1]: Entering directory '/home/antworks/Downloads/Windows/ZLIB/CMakeFiles/CMakeTmp'
Building C object CMakeFiles/cmTC_e223f.dir/OFF64_T.c.o
/usr/bin/cc  -DHAVE_STDDEF_H -DHAVE_STDINT_H -DHAVE_SYS_TYPES_H -D_LARGEFILE64_SOURCE=1   -o CMakeFiles/cmTC_e223f.dir/OFF64_T.c.o   -c /home/antworks/Downloads/Windows/ZLIB/CMakeFiles/CheckTypeSize/OFF64_T.c
Linking C executable cmTC_e223f
/usr/bin/cmake -E cmake_link_script CMakeFiles/cmTC_e223f.dir/link.txt --verbose=1
/usr/bin/cc       CMakeFiles/cmTC_e223f.dir/OFF64_T.c.o  -o cmTC_e223f -rdynamic 
make[1]: Leaving directory '/home/antworks/Downloads/Windows/ZLIB/CMakeFiles/CMakeTmp'


Determining if the function fseeko exists passed with the following output:
Change Dir: /home/antworks/Downloads/Windows/ZLIB/CMakeFiles/CMakeTmp

Run Build Command:"/usr/bin/make" "cmTC_714ca/fast"
/usr/bin/make -f CMakeFiles/cmTC_714ca.dir/build.make CMakeFiles/cmTC_714ca.dir/build
make[1]: Entering directory '/home/antworks/Downloads/Windows/ZLIB/CMakeFiles/CMakeTmp'
Building C object CMakeFiles/cmTC_714ca.dir/CheckFunctionExists.c.o
/usr/bin/cc    -DCHECK_FUNCTION_EXISTS=fseeko   -o CMakeFiles/cmTC_714ca.dir/CheckFunctionExists.c.o   -c /usr/share/cmake-3.5/Modules/CheckFunctionExists.c
Linking C executable cmTC_714ca
/usr/bin/cmake -E cmake_link_script CMakeFiles/cmTC_714ca.dir/link.txt --verbose=1
/usr/bin/cc   -DCHECK_FUNCTION_EXISTS=fseeko    CMakeFiles/cmTC_714ca.dir/CheckFunctionExists.c.o  -o cmTC_714ca -rdynamic 
make[1]: Leaving directory '/home/antworks/Downloads/Windows/ZLIB/CMakeFiles/CMakeTmp'


Determining if the include file unistd.h exists passed with the following output:
Change Dir: /home/antworks/Downloads/Windows/ZLIB/CMakeFiles/CMakeTmp

Run Build Command:"/usr/bin/make" "cmTC_55788/fast"
/usr/bin/make -f CMakeFiles/cmTC_55788.dir/build.make CMakeFiles/cmTC_55788.dir/build
make[1]: Entering directory '/home/antworks/Downloads/Windows/ZLIB/CMakeFiles/CMakeTmp'
Building C object CMakeFiles/cmTC_55788.dir/CheckIncludeFile.c.o
/usr/bin/cc     -o CMakeFiles/cmTC_55788.dir/CheckIncludeFile.c.o   -c /home/antworks/Downloads/Windows/ZLIB/CMakeFiles/CMakeTmp/CheckIncludeFile.c
Linking C executable cmTC_55788
/usr/bin/cmake -E cmake_link_script CMakeFiles/cmTC_55788.dir/link.txt --verbose=1
/usr/bin/cc       CMakeFiles/cmTC_55788.dir/CheckIncludeFile.c.o  -o cmTC_55788 -rdynamic 
make[1]: Leaving directory '/home/antworks/Downloads/Windows/ZLIB/CMakeFiles/CMakeTmp'


