--------------------
./configure --help
Wed Mar 21 19:31:07 IST 2018
usage:
  configure [--const] [--zprefix] [--prefix=PREFIX]  [--eprefix=EXPREFIX]
    [--static] [--64] [--libdir=LIBDIR] [--sharedlibdir=LIBDIR]
    [--includedir=INCLUDEDIR] [--archs="-arch i386 -arch x86_64"]
--------------------
./configure
Wed Mar 21 19:31:18 IST 2018
Checking for gcc...
=== ztest25089.c ===
extern int getchar();
int hello() {return getchar();}
===
gcc -c ztest25089.c
... using gcc

Checking for obsessive-compulsive compiler options...
=== ztest25089.c ===
int foo() { return 0; }
===
gcc -c -O3 ztest25089.c

Checking for shared library support...
=== ztest25089.c ===
extern int getchar();
int hello() {return getchar();}
===
gcc -w -c -O3 -fPIC ztest25089.c
gcc -shared -Wl,-soname,libz.so.1,--version-script,zlib.map -O3 -fPIC -o ztest25089.so ztest25089.o
Building shared library libz.so.1.2.8 with gcc.

=== ztest25089.c ===
#include <sys/types.h>
off64_t dummy = 0;
===
gcc -c -O3 -D_LARGEFILE64_SOURCE=1 ztest25089.c
Checking for off64_t... Yes.
Checking for fseeko... Yes.

=== ztest25089.c ===
#include <string.h>
#include <errno.h>
int main() { return strlen(strerror(errno)); }
===
gcc -O3 -D_LARGEFILE64_SOURCE=1 -o ztest25089 ztest25089.c
Checking for strerror... Yes.

=== ztest25089.c ===
#include <unistd.h>
int main() { return 0; }
===
gcc -c -O3 -D_LARGEFILE64_SOURCE=1 ztest25089.c
Checking for unistd.h... Yes.

=== ztest25089.c ===
#include <stdarg.h>
int main() { return 0; }
===
gcc -c -O3 -D_LARGEFILE64_SOURCE=1 ztest25089.c
Checking for stdarg.h... Yes.

=== ztest25089.c ===
#include <stdio.h>
#include <stdarg.h>
#include "zconf.h"
int main()
{
#ifndef STDC
  choke me
#endif
  return 0;
}
===
gcc -c -O3 -D_LARGEFILE64_SOURCE=1 ztest25089.c
Checking whether to use vs[n]printf() or s[n]printf()... using vs[n]printf().

=== ztest25089.c ===
#include <stdio.h>
#include <stdarg.h>
int mytest(const char *fmt, ...)
{
  char buf[20];
  va_list ap;
  va_start(ap, fmt);
  vsnprintf(buf, sizeof(buf), fmt, ap);
  va_end(ap);
  return 0;
}
int main()
{
  return (mytest("Hello%d\n", 1));
}
===
gcc -O3 -D_LARGEFILE64_SOURCE=1 -o ztest25089 ztest25089.c
Checking for vsnprintf() in stdio.h... Yes.

=== ztest25089.c ===
#include <stdio.h>
#include <stdarg.h>
int mytest(const char *fmt, ...)
{
  int n;
  char buf[20];
  va_list ap;
  va_start(ap, fmt);
  n = vsnprintf(buf, sizeof(buf), fmt, ap);
  va_end(ap);
  return n;
}
int main()
{
  return (mytest("Hello%d\n", 1));
}
===
gcc -c -O3 -D_LARGEFILE64_SOURCE=1 ztest25089.c
Checking for return value of vsnprintf()... Yes.

=== ztest25089.c ===
#define ZLIB_INTERNAL __attribute__((visibility ("hidden")))
int ZLIB_INTERNAL foo;
int main()
{
  return 0;
}
===
gcc -c -O3 -D_LARGEFILE64_SOURCE=1 ztest25089.c
Checking for attribute(visibility) support... Yes.

ALL = static shared all64
AR = ar
ARFLAGS = rc
CC = gcc
CFLAGS = -O3 -D_LARGEFILE64_SOURCE=1 -DHAVE_HIDDEN
CPP = gcc -E
EXE =
LDCONFIG = ldconfig
LDFLAGS =
LDSHARED = gcc -shared -Wl,-soname,libz.so.1,--version-script,zlib.map
LDSHAREDLIBC = -lc
OBJC = $(OBJZ) $(OBJG)
PIC_OBJC = $(PIC_OBJZ) $(PIC_OBJG)
RANLIB = ranlib
SFLAGS = -O3 -fPIC -D_LARGEFILE64_SOURCE=1 -DHAVE_HIDDEN
SHAREDLIB = libz.so
SHAREDLIBM = libz.so.1
SHAREDLIBV = libz.so.1.2.8
STATICLIB = libz.a
TEST = all teststatic testshared test64
VER = 1.2.8
Z_U4 =
exec_prefix = ${prefix}
includedir = ${prefix}/include
libdir = ${exec_prefix}/lib
mandir = ${prefix}/share/man
prefix = /usr/local
sharedlibdir = ${libdir}
uname = Linux
--------------------


--------------------
./configure --host=x86_64-w64-mingw32
Mon May 28 20:27:23 IST 2018
unknown option: --host=x86_64-w64-mingw32
./configure --help for help
** ./configure aborting.
--------------------


--------------------
./configure --host=x86_64-w64-mingw32
Mon Dec 17 15:42:42 IST 2018
unknown option: --host=x86_64-w64-mingw32
./configure --help for help
** ./configure aborting.
--------------------


--------------------
./configure
Mon Dec 17 15:43:27 IST 2018
Checking for gcc...
=== ztest29367.c ===
extern int getchar();
int hello() {return getchar();}
===
gcc -c ztest29367.c
... using gcc

Checking for obsessive-compulsive compiler options...
=== ztest29367.c ===
int foo() { return 0; }
===
gcc -c -O3 ztest29367.c

Checking for shared library support...
=== ztest29367.c ===
extern int getchar();
int hello() {return getchar();}
===
gcc -w -c -O3 -fPIC ztest29367.c
gcc -shared -Wl,-soname,libz.so.1,--version-script,zlib.map -O3 -fPIC -o ztest29367.so ztest29367.o
Building shared library libz.so.1.2.8 with gcc.

=== ztest29367.c ===
#include <sys/types.h>
off64_t dummy = 0;
===
gcc -c -O3 -D_LARGEFILE64_SOURCE=1 ztest29367.c
Checking for off64_t... Yes.
Checking for fseeko... Yes.

=== ztest29367.c ===
#include <string.h>
#include <errno.h>
int main() { return strlen(strerror(errno)); }
===
gcc -O3 -D_LARGEFILE64_SOURCE=1 -o ztest29367 ztest29367.c
Checking for strerror... Yes.

=== ztest29367.c ===
#include <unistd.h>
int main() { return 0; }
===
gcc -c -O3 -D_LARGEFILE64_SOURCE=1 ztest29367.c
Checking for unistd.h... Yes.

=== ztest29367.c ===
#include <stdarg.h>
int main() { return 0; }
===
gcc -c -O3 -D_LARGEFILE64_SOURCE=1 ztest29367.c
Checking for stdarg.h... Yes.

=== ztest29367.c ===
#include <stdio.h>
#include <stdarg.h>
#include "zconf.h"
int main()
{
#ifndef STDC
  choke me
#endif
  return 0;
}
===
gcc -c -O3 -D_LARGEFILE64_SOURCE=1 ztest29367.c
Checking whether to use vs[n]printf() or s[n]printf()... using vs[n]printf().

=== ztest29367.c ===
#include <stdio.h>
#include <stdarg.h>
int mytest(const char *fmt, ...)
{
  char buf[20];
  va_list ap;
  va_start(ap, fmt);
  vsnprintf(buf, sizeof(buf), fmt, ap);
  va_end(ap);
  return 0;
}
int main()
{
  return (mytest("Hello%d\n", 1));
}
===
gcc -O3 -D_LARGEFILE64_SOURCE=1 -o ztest29367 ztest29367.c
Checking for vsnprintf() in stdio.h... Yes.

=== ztest29367.c ===
#include <stdio.h>
#include <stdarg.h>
int mytest(const char *fmt, ...)
{
  int n;
  char buf[20];
  va_list ap;
  va_start(ap, fmt);
  n = vsnprintf(buf, sizeof(buf), fmt, ap);
  va_end(ap);
  return n;
}
int main()
{
  return (mytest("Hello%d\n", 1));
}
===
gcc -c -O3 -D_LARGEFILE64_SOURCE=1 ztest29367.c
Checking for return value of vsnprintf()... Yes.

=== ztest29367.c ===
#define ZLIB_INTERNAL __attribute__((visibility ("hidden")))
int ZLIB_INTERNAL foo;
int main()
{
  return 0;
}
===
gcc -c -O3 -D_LARGEFILE64_SOURCE=1 ztest29367.c
Checking for attribute(visibility) support... Yes.

ALL = static shared all64
AR = ar
ARFLAGS = rc
CC = gcc
CFLAGS = -O3 -D_LARGEFILE64_SOURCE=1 -DHAVE_HIDDEN
CPP = gcc -E
EXE =
LDCONFIG = ldconfig
LDFLAGS =
LDSHARED = gcc -shared -Wl,-soname,libz.so.1,--version-script,zlib.map
LDSHAREDLIBC = -lc
OBJC = $(OBJZ) $(OBJG)
PIC_OBJC = $(PIC_OBJZ) $(PIC_OBJG)
RANLIB = ranlib
SFLAGS = -O3 -fPIC -D_LARGEFILE64_SOURCE=1 -DHAVE_HIDDEN
SHAREDLIB = libz.so
SHAREDLIBM = libz.so.1
SHAREDLIBV = libz.so.1.2.8
STATICLIB = libz.a
TEST = all teststatic testshared test64
VER = 1.2.8
Z_U4 =
exec_prefix = ${prefix}
includedir = ${prefix}/include
libdir = ${exec_prefix}/lib
mandir = ${prefix}/share/man
prefix = /usr/local
sharedlibdir = ${libdir}
uname = Linux
--------------------


--------------------
./configure CROSS_PREFIX=/usr/x86_64-w64-mingw32/
Mon Dec 17 15:45:17 IST 2018
unknown option: CROSS_PREFIX=/usr/x86_64-w64-mingw32/
./configure --help for help
** ./configure aborting.
--------------------


--------------------
./configure CHOST=x86_64-w64-mingw32
Mon Dec 17 15:46:41 IST 2018
unknown option: CHOST=x86_64-w64-mingw32
./configure --help for help
** ./configure aborting.
--------------------


--------------------
./configure --prefix=/usr/x86_64-w64-mingw32/
Mon Dec 17 15:47:48 IST 2018
Checking for gcc...
=== ztest29663.c ===
extern int getchar();
int hello() {return getchar();}
===
gcc -c ztest29663.c
... using gcc

Checking for obsessive-compulsive compiler options...
=== ztest29663.c ===
int foo() { return 0; }
===
gcc -c -O3 ztest29663.c

Checking for shared library support...
=== ztest29663.c ===
extern int getchar();
int hello() {return getchar();}
===
gcc -w -c -O3 -fPIC ztest29663.c
gcc -shared -Wl,-soname,libz.so.1,--version-script,zlib.map -O3 -fPIC -o ztest29663.so ztest29663.o
Building shared library libz.so.1.2.8 with gcc.

=== ztest29663.c ===
#include <sys/types.h>
off64_t dummy = 0;
===
gcc -c -O3 -D_LARGEFILE64_SOURCE=1 ztest29663.c
Checking for off64_t... Yes.
Checking for fseeko... Yes.

=== ztest29663.c ===
#include <string.h>
#include <errno.h>
int main() { return strlen(strerror(errno)); }
===
gcc -O3 -D_LARGEFILE64_SOURCE=1 -o ztest29663 ztest29663.c
Checking for strerror... Yes.

=== ztest29663.c ===
#include <unistd.h>
int main() { return 0; }
===
gcc -c -O3 -D_LARGEFILE64_SOURCE=1 ztest29663.c
Checking for unistd.h... Yes.

=== ztest29663.c ===
#include <stdarg.h>
int main() { return 0; }
===
gcc -c -O3 -D_LARGEFILE64_SOURCE=1 ztest29663.c
Checking for stdarg.h... Yes.

=== ztest29663.c ===
#include <stdio.h>
#include <stdarg.h>
#include "zconf.h"
int main()
{
#ifndef STDC
  choke me
#endif
  return 0;
}
===
gcc -c -O3 -D_LARGEFILE64_SOURCE=1 ztest29663.c
Checking whether to use vs[n]printf() or s[n]printf()... using vs[n]printf().

=== ztest29663.c ===
#include <stdio.h>
#include <stdarg.h>
int mytest(const char *fmt, ...)
{
  char buf[20];
  va_list ap;
  va_start(ap, fmt);
  vsnprintf(buf, sizeof(buf), fmt, ap);
  va_end(ap);
  return 0;
}
int main()
{
  return (mytest("Hello%d\n", 1));
}
===
gcc -O3 -D_LARGEFILE64_SOURCE=1 -o ztest29663 ztest29663.c
Checking for vsnprintf() in stdio.h... Yes.

=== ztest29663.c ===
#include <stdio.h>
#include <stdarg.h>
int mytest(const char *fmt, ...)
{
  int n;
  char buf[20];
  va_list ap;
  va_start(ap, fmt);
  n = vsnprintf(buf, sizeof(buf), fmt, ap);
  va_end(ap);
  return n;
}
int main()
{
  return (mytest("Hello%d\n", 1));
}
===
gcc -c -O3 -D_LARGEFILE64_SOURCE=1 ztest29663.c
Checking for return value of vsnprintf()... Yes.

=== ztest29663.c ===
#define ZLIB_INTERNAL __attribute__((visibility ("hidden")))
int ZLIB_INTERNAL foo;
int main()
{
  return 0;
}
===
gcc -c -O3 -D_LARGEFILE64_SOURCE=1 ztest29663.c
Checking for attribute(visibility) support... Yes.

ALL = static shared all64
AR = ar
ARFLAGS = rc
CC = gcc
CFLAGS = -O3 -D_LARGEFILE64_SOURCE=1 -DHAVE_HIDDEN
CPP = gcc -E
EXE =
LDCONFIG = ldconfig
LDFLAGS =
LDSHARED = gcc -shared -Wl,-soname,libz.so.1,--version-script,zlib.map
LDSHAREDLIBC = -lc
OBJC = $(OBJZ) $(OBJG)
PIC_OBJC = $(PIC_OBJZ) $(PIC_OBJG)
RANLIB = ranlib
SFLAGS = -O3 -fPIC -D_LARGEFILE64_SOURCE=1 -DHAVE_HIDDEN
SHAREDLIB = libz.so
SHAREDLIBM = libz.so.1
SHAREDLIBV = libz.so.1.2.8
STATICLIB = libz.a
TEST = all teststatic testshared test64
VER = 1.2.8
Z_U4 =
exec_prefix = ${prefix}
includedir = ${prefix}/include
libdir = ${exec_prefix}/lib
mandir = ${prefix}/share/man
prefix = /usr/x86_64-w64-mingw32/
sharedlibdir = ${libdir}
uname = Linux
--------------------


--------------------
./configure CHOST=x86_64-w64-mingw32
Mon Dec 17 15:48:15 IST 2018
Using x86_64-w64-mingw32-ar
Using x86_64-w64-mingw32-ranlib
Using x86_64-w64-mingw32-nm
unknown option: CHOST=x86_64-w64-mingw32
./configure --help for help
** ./configure aborting.
--------------------


--------------------
./configure
Mon Dec 17 15:48:21 IST 2018
Using x86_64-w64-mingw32-ar
Using x86_64-w64-mingw32-ranlib
Using x86_64-w64-mingw32-nm
Checking for x86_64-w64-mingw32-gcc...
=== ztest29813.c ===
extern int getchar();
int hello() {return getchar();}
===
x86_64-w64-mingw32-gcc -c ztest29813.c
... using gcc
Please use win32/Makefile.gcc instead.
** ./configure aborting.
--------------------


--------------------
./configure
Mon Dec 17 15:49:09 IST 2018
Using x86_64-w64-mingw32-ar
Using x86_64-w64-mingw32-ranlib
Using x86_64-w64-mingw32-nm
Checking for x86_64-w64-mingw32-gcc...
=== ztest29881.c ===
extern int getchar();
int hello() {return getchar();}
===
x86_64-w64-mingw32-gcc -c ztest29881.c
... using gcc
Please use win32/Makefile.gcc instead.
** ./configure aborting.
--------------------


--------------------
./configure host=x86_64-w64-mingw32
Mon Jan 21 18:16:08 IST 2019
unknown option: host=x86_64-w64-mingw32
./configure --help for help
** ./configure aborting.
--------------------


--------------------
./configure --help
Mon Jan 21 18:16:20 IST 2019
usage:
  configure [--const] [--zprefix] [--prefix=PREFIX]  [--eprefix=EXPREFIX]
    [--static] [--64] [--libdir=LIBDIR] [--sharedlibdir=LIBDIR]
    [--includedir=INCLUDEDIR] [--archs="-arch i386 -arch x86_64"]
